  AdjacencyMatrix.cpp
C:\Users\darre\Documents\Code\C++\SFML\ShortestPath\ShortestPath\AdjacencyMatrix.cpp(9,45): warning C4267: 'initializing': conversion from 'size_t' to 'int', possible loss of data
  math.cpp
  LineShape.cpp
C:\Users\darre\Documents\Code\C++\SFML\ShortestPath\ShortestPath\LineShape.cpp(13,25): warning C4244: '=': conversion from 'double' to 'float', possible loss of data
C:\Users\darre\Documents\Code\C++\SFML\ShortestPath\ShortestPath\LineShape.cpp(45,103): warning C4244: 'argument': conversion from 'double' to 'T', possible loss of data
          with
          [
              T=float
          ]
C:\Users\darre\Documents\Code\C++\SFML\ShortestPath\ShortestPath\LineShape.cpp(58,95): warning C4244: 'argument': conversion from 'double' to 'float', possible loss of data
  main.cpp
C:\Users\darre\Documents\Code\C++\SFML\ShortestPath\ShortestPath\main.cpp(212,19): warning C4244: '=': conversion from 'double' to 'float', possible loss of data
  PositionalNode.cpp
C:\Users\darre\Documents\Code\C++\SFML\ShortestPath\ShortestPath\PositionalNode.cpp(32,89): warning C4244: 'argument': conversion from 'const float' to 'T', possible loss of data
          with
          [
              T=int
          ]
C:\Users\darre\Documents\Code\C++\SFML\ShortestPath\ShortestPath\PositionalNode.cpp(32,60): warning C4244: 'argument': conversion from 'const float' to 'T', possible loss of data
          with
          [
              T=int
          ]
C:\Users\darre\Documents\Code\C++\SFML\ShortestPath\ShortestPath\PositionalNode.cpp(46,101): warning C4244: 'argument': conversion from 'const float' to 'T', possible loss of data
          with
          [
              T=int
          ]
C:\Users\darre\Documents\Code\C++\SFML\ShortestPath\ShortestPath\PositionalNode.cpp(46,72): warning C4244: 'argument': conversion from 'const float' to 'T', possible loss of data
          with
          [
              T=int
          ]
  SFMLHelper.cpp
  Generating code
  Previous IPDB not found, fall back to full compilation.
  All 414 functions were compiled because no usable IPDB/IOBJ from previous compilation was found.
  Finished generating code
  ShortestPath.vcxproj -> C:\Users\darre\Documents\Code\C++\SFML\ShortestPath\ShortestPath\x64\Release\ShortestPath.exe
